[1]+: command not founTraceback (most recent call last):
  File "/usr/lib/python3.10/runpy.py", line 196, in _run_module_as_main
    return _run_code(code, main_globals, None,
  File "/usr/lib/python3.10/runpy.py", line 86, in _run_code
    exec(code, run_globals)
  File "/home/ubuntu/.local/lib/python3.10/site-packages/uvicorn/__main__.py", line 4, in <module>
    uvicorn.main()
  File "/usr/lib/python3/dist-packages/click/core.py", line 1128, in __call__
    return self.main(*args, **kwargs)
  File "/usr/lib/python3/dist-packages/click/core.py", line 1053, in main
    rv = self.invoke(ctx)
  File "/usr/lib/python3/dist-packages/click/core.py", line 1395, in invoke
    return ctx.invoke(self.callback, **ctx.params)
  File "/usr/lib/python3/dist-packages/click/core.py", line 754, in invoke
    return __callback(*args, **kwargs)
  File "/home/ubuntu/.local/lib/python3.10/site-packages/uvicorn/main.py", line 409, in main
    run(
  File "/home/ubuntu/.local/lib/python3.10/site-packages/uvicorn/main.py", line 575, in run
    server.run()
  File "/home/ubuntu/.local/lib/python3.10/site-packages/uvicorn/server.py", line 65, in run
    return asyncio.run(self.serve(sockets=sockets))
  File "/usr/lib/python3.10/asyncio/runners.py", line 44, in run
    return loop.run_until_complete(main)
  File "/usr/lib/python3.10/asyncio/base_events.py", line 649, in run_until_complete
    return future.result()
  File "/home/ubuntu/.local/lib/python3.10/site-packages/uvicorn/server.py", line 69, in serve
    await self._serve(sockets)
  File "/home/ubuntu/.local/lib/python3.10/site-packages/uvicorn/server.py", line 76, in _serve
    config.load()
  File "/home/ubuntu/.local/lib/python3.10/site-packages/uvicorn/config.py", line 433, in load
    self.loaded_app = import_from_string(self.app)
  File "/home/ubuntu/.local/lib/python3.10/site-packages/uvicorn/importer.py", line 19, in import_from_string
    module = importlib.import_module(module_str)
  File "/usr/lib/python3.10/importlib/__init__.py", line 126, in import_module
    return _bootstrap._gcd_import(name[level:], package, level)
  File "<frozen importlib._bootstrap>", line 1050, in _gcd_import
  File "<frozen importlib._bootstrap>", line 1027, in _find_and_load
  File "<frozen importlib._bootstrap>", line 1006, in _find_and_load_unlocked
  File "<frozen importlib._bootstrap>", line 688, in _load_unlocked
  File "<frozen importlib._bootstrap_external>", line 883, in exec_module
  File "<frozen importlib._bootstrap>", line 241, in _call_with_frames_removed
  File "/home/ubuntu/backend/app/main.py", line 6, in <module>
    from app.lms.trigger import router as trigger_router
  File "/home/ubuntu/backend/app/lms/trigger.py", line 3, in <module>
    from app.db.session import get_db
ImportError: cannot import name 'get_db' from 'app.db.session' (/home/ubuntu/backend/app/db/session.py)
